<?xml version="1.0" encoding="UTF-8"?>
<!-- Generated by org.testng.reporters.JUnitReportReporter -->
<testsuite hostname="DESKTOP-QKUKCCG" failures="0" tests="6" name="Saucedemo_test.LoginpageTest" time="74.978" errors="0" timestamp="2024-06-13T20:14:45 IST" skipped="0">
  <testcase classname="Saucedemo_test.LoginpageTest" name="Verify_Login_With_Valid_Credentials" time="8.998"/>
  <system-out/>
  <testcase classname="Saucedemo_test.LoginpageTest" name="Verify_Login_With_invalidcredentials" time="21.359"/>
  <system-out/>
  <testcase classname="Saucedemo_test.LoginpageTest" name="Verify_addcart_button_functionality" time="7.142"/>
  <system-out/>
  <testcase classname="Saucedemo_test.LoginpageTest" name="verify_removeb_button_functionality" time="7.718"/>
  <system-out/>
  <testcase classname="Saucedemo_test.LoginpageTest" name="Verify_User_navigating_from_informationpage_to_OverviewpageofUser" time="21.647"/>
  <system-out/>
  <testcase classname="Saucedemo_test.LoginpageTest" name="Verify_When_User_clickon_finishbutton_of_overviewpage_user_should_Checkout_successfully" time="8.114"/>
  <system-out/>
</testsuite> <!-- Saucedemo_test.LoginpageTest -->
