<?xml version="1.0" encoding="UTF-8"?>
<!-- Generated by org.testng.reporters.JUnitReportReporter -->
<testsuite hostname="DESKTOP-QKUKCCG" failures="0" tests="6" name="Saucedemo_test.Orderflowfunctionality" time="43.980" errors="0" timestamp="2024-06-13T20:28:38 IST" skipped="0">
  <testcase classname="Saucedemo_test.Orderflowfunctionality" name="Verify_Login_With_Valid_Credentials" time="8.179"/>
  <system-out/>
  <testcase classname="Saucedemo_test.Orderflowfunctionality" name="Verify_Login_With_invalidcredentials" time="4.971"/>
  <system-out/>
  <testcase classname="Saucedemo_test.Orderflowfunctionality" name="Verify_addcart_button_functionality" time="8.517"/>
  <system-out/>
  <testcase classname="Saucedemo_test.Orderflowfunctionality" name="verify_removeb_button_functionality" time="6.229"/>
  <system-out/>
  <testcase classname="Saucedemo_test.Orderflowfunctionality" name="Verify_User_navigating_from_informationpage_to_OverviewpageofUser" time="6.844"/>
  <system-out/>
  <testcase classname="Saucedemo_test.Orderflowfunctionality" name="Verify_When_User_clickon_finishbutton_of_overviewpage_user_should_Checkout_successfully" time="9.240"/>
  <system-out/>
</testsuite> <!-- Saucedemo_test.Orderflowfunctionality -->
